[18:17:51] [Server thread/INFO]: Starting minecraft server version 1.7.10
[18:17:55] [Server thread/INFO]: Loading properties
[18:17:55] [Server thread/INFO]: Default game type: SURVIVAL
[18:17:55] [Server thread/INFO]: Generating keypair
[18:17:55] [Server thread/INFO]: Starting Minecraft server on *:25565
[18:17:55] [Server thread/INFO]: Preparing level "world"
[18:17:56] [Server thread/INFO]: Preparing start region for l[18:17:58] [main/INFO]: Setting user: TheHanashi
[18:17:59] [Client thread/INFO]: LWJ[18:18:11] [User Authenticator #1/INFO]: UUID of player TheHanashi is d9519f4d-2f63-4d19-9594-35a9dd0472fd
[18:18:11] [Server thread/INFO]: TheHanashi[/127.0.0.1:50691] logged in with entity id 253 at (-254.23248943206434, 98.0, 273.3013866787078)
[18:18:11] [Server thread/INFO]: TheHanashi joined the game
[18:19:31] [Server thread/INFO]: TheHanashi lost connection: TextComponent{text='Disconnected', siblings=[], style=Style{hasParent=false, color=null, bold=null, italic=null, underlined=null, obfuscated=null, clickEvent=null, hoverEvent=null}}
[18:19:31] [Server thread/INFO]: TheHanashi left the game
[18:22:01] [User Authenticator #2/INFO]: UUID of player TheHanashi is d9519f4d-2f63-4d19-9594-35a9dd0472fd
[18:22:01] [Server thread/INFO]: TheHanashi[/127.0.0.1:50976] logged in with entity id 1718 at (-249.85223895942872, 95.0, 313.46540012114406)
[18:22:01] [Server thread/INFO]: TheHanashi joined the game
[18:22:08] [Server thread/INFO]: TheHanashi lost connection: TextComponent{text='Disconnected', siblings=[], style=Style{hasParent=false, color=null, bold=null, italic=null, underlined=null, obfuscated=null, clickEvent=null, hoverEvent=null}}
[18:22:08] [Server thread/INFO]: TheHanashi left the game
[18:24:14] [User Authenticator #3/INFO]: UUID of player TheHanashi is d9519f4d-2f63-4d19-9594-35a9dd0472fd
[18:24:14] [Server thread/INFO]: TheHanashi[/127.0.0.1:51134] logged in with entity id 1877 at (-253.57635264015397, 94.0, 306.91241016544853)
[18:24:14] [Server thread/INFO]: TheHanashi joined the game
[18:24:17] [Server thread/INFO]: TheHanashi lost connection: TextComponent{text='Disconnected', siblings=[], style=Style{hasParent=false, color=null, bold=null, italic=null, underlined=null, obfuscated=null, clickEvent=null, hoverEvent=null}}
[18:24:17] [Server thread/INFO]: TheHanashi left the game
[18:25:15] [User Authenticator #4/INFO]: UUID of player TheHanashi is d9519f4d-2f63-4d19-9594-35a9dd0472fd
[18:25:15] [Server thread/INFO]: TheHanashi[/127.0.0.1:51194] logged in with entity id 1963 at (-253.57635264015397, 94.0, 306.91241016544853)
[18:25:15] [Server thread/INFO]: TheHanashi joined the game
[18:25:33] [Server thread/INFO]: TheHanashi lost connection: TranslatableComponent{key='disconnect.genericReason', args=[Internal Exception: java.io.IOException: Eine vorhandene Verbindung wurde vom Remotehost geschlossen], siblings=[], style=Style{hasParent=false, color=null, bold=null, italic=null, underlined=null, obfuscated=null, clickEvent=null, hoverEvent=null}}
[18:25:33] [Server thread/INFO]: TheHanashi left the game
[18:25:49] [User Authenticator #5/INFO]: UUID of player TheHanashi is d9519f4d-2f63-4d19-9594-35a9dd0472fd
[18:25:49] [Server thread/INFO]: TheHanashi[/127.0.0.1:51269] logged in with entity id 2104 at (-252.30000001192093, 94.0, 306.31818687775467)
[18:25:49] [Server thread/INFO]: TheHanashi joined the game
[18:25:56] [Server thread/INFO]: TheHanashi lost connection: TranslatableComponent{key='disconnect.genericReason', args=[Internal Exception: java.io.IOException: Eine vorhandene Verbindung wurde vom Remotehost geschlossen], siblings=[], style=Style{hasParent=false, color=null, bold=null, italic=null, underlined=null, obfuscated=null, clickEvent=null, hoverEvent=null}}
[18:25:56] [Server thread/INFO]: TheHanashi left the game
[18:27:51] [User Authenticator #6/INFO]: UUID of player TheHanashi is d9519f4d-2f63-4d19-9594-35a9dd0472fd
[18:27:51] [Server thread/INFO]: TheHanashi[/127.0.0.1:51322] logged in with entity id 2227 at (-252.30000001192093, 94.0, 306.31818687775467)
[18:27:51] [Server thread/INFO]: TheHanashi joined the game
[18:28:00] [Server thread/INFO]: TheHanashi lost connection: TranslatableComponent{key='disconnect.genericReason', args=[Internal Exception: java.io.IOException: Eine vorhandene Verbindung wurde vom Remotehost geschlossen], siblings=[], style=Style{hasParent=false, color=null, bold=null, italic=null, underlined=null, obfuscated=null, clickEvent=null, hoverEvent=null}}
[18:28:00] [Server thread/INFO]: TheHanashi left the game
[18:28:32] [User Authenticator #7/INFO]: UUID of player TheHanashi is d9519f4d-2f63-4d19-9594-35a9dd0472fd
[18:28:32] [Server thread/INFO]: TheHanashi[/127.0.0.1:51376] logged in with entity id 2330 at (-252.30000001192093, 94.0, 306.31818687775467)
[18:28:32] [Server thread/INFO]: TheHanashi joined the game
[18:28:58] [Server thread/INFO]: TheHanashi lost connection: TranslatableComponent{key='disconnect.genericReason', args=[Internal Exception: java.io.IOException: Eine vorhandene Verbindung wurde vom Remotehost geschlossen], siblings=[], style=Style{hasParent=false, color=null, bold=null, italic=null, underlined=null, obfuscated=null, clickEvent=null, hoverEvent=null}}
[18:28:58] [Server thread/INFO]: TheHanashi left the game
[18:29:13] [User Authenticator #8/INFO]: UUID of player TheHanashi is d9519f4d-2f63-4d19-9594-35a9dd0472fd
[18:29:13] [Server thread/INFO]: TheHanashi[/127.0.0.1:51466] logged in with entity id 2499 at (-252.30000001192093, 94.0, 306.31818687775467)
[18:29:13] [Server thread/INFO]: TheHanashi joined the game
[18:29:16] [Server thread/INFO]: TheHanashi lost connection: TextComponent{text='Disconnected', siblings=[], style=Style{hasParent=false, color=null, bold=null, italic=null, underlined=null, obfuscated=null, clickEvent=null, hoverEvent=null}}
[18:29:16] [Server thread/INFO]: TheHanashi left the game
[18:29:43] [User Authenticator #9/INFO]: UUID of player TheHanashi is d9519f4d-2f63-4d19-9594-35a9dd0472fd
[18:29:43] [Server thread/INFO]: TheHanashi[/127.0.0.1:51474] logged in with entity id 2528 at (-252.30000001192093, 94.0, 306.31818687775467)
[18:29:43] [Server thread/INFO]: TheHanashi joined the game
[18:35:24] [Server thread/INFO]: TheHanashi lost connection: TextComponent{text='Disconnected', siblings=[], style=Style{hasParent=false, color=null, bold=null, italic=null, underlined=null, obfuscated=null, clickEvent=null, hoverEvent=null}}
[18:35:24] [Server thread/INFO]: TheHanashi left the game
[18:35:36] [User Authenticator #10/INFO]: UUID of player TheHanashi is d9519f4d-2f63-4d19-9594-35a9dd0472fd
[18:35:36] [Server thread/INFO]: TheHanashi[/127.0.0.1:52118] logged in with entity id 7391 at (-251.36920228479792, 96.0, 305.7060057097593)
[18:35:36] [Server thread/INFO]: TheHanashi joined the game
[18:36:14] [Server thread/INFO]: TheHanashi lost connection: TranslatableComponent{key='disconnect.genericReason', args=[Internal Exception: java.io.IOException: Eine vorhandene Verbindung wurde vom Remotehost geschlossen], siblings=[], style=Style{hasParent=false, color=null, bold=null, italic=null, underlined=null, obfuscated=null, clickEvent=null, hoverEvent=null}}
[18:36:14] [Server thread/INFO]: TheHanashi left the game
[18:36:30] [User Authenticator #11/INFO]: UUID of player TheHanashi is d9519f4d-2f63-4d19-9594-35a9dd0472fd
[18:36:30] [Server thread/INFO]: TheHanashi[/127.0.0.1:52239] logged in with entity id 8274 at (-251.27124523076887, 96.0, 304.57404152858516)
[18:36:30] [Server thread/INFO]: TheHanashi joined the game
[18:36:37] [Server thread/INFO]: TheHanashi lost connection: TranslatableComponent{key='disconnect.genericReason', args=[Internal Exception: java.io.IOException: Eine vorhandene Verbindung wurde vom Remotehost geschlossen], siblings=[], style=Style{hasParent=false, color=null, bold=null, italic=null, underlined=null, obfuscated=null, clickEvent=null, hoverEvent=null}}
[18:36:37] [Server thread/INFO]: TheHanashi left the game
[18:36:59] [User Authenticator #12/INFO]: UUID of player TheHanashi is d9519f4d-2f63-4d19-9594-35a9dd0472fd
[18:37:00] [Server thread/INFO]: TheHanashi[/127.0.0.1:52289] logged in with entity id 8341 at (-251.27124523076887, 96.0, 304.57404152858516)
[18:37:00] [Server thread/INFO]: TheHanashi joined the game
[18:37:21] [Server thread/INFO]: TheHanashi lost connection: TextComponent{text='Disconnected', siblings=[], style=Style{hasParent=false, color=null, bold=null, italic=null, underlined=null, obfuscated=null, clickEvent=null, hoverEvent=null}}
[18:37:21] [Server thread/INFO]: TheHanashi left the game
ing to localhost, 25565
[18:29:42] [Client thread/INFO]: Connecting to localhost, 25565
[18:35:35] [Client thread/INFO]: Connecting to localhost, 25565
[18:36:14] [Client thread/INFO]: Stopping!
[18:36:17] [main/INFO]: Logging in with username & password
[18:36:19] [main/INFO]: Setting user: TheHanashi
[18:36:19] [Client thread/INFO]: LWJGL Version: 2.9.1
[18:36:25] [Client thread/INFO]: Reloading ResourceManager: Default, FMLFileResourcePack:Forge Mod Loader, FMLFileResourcePack:Minecraft Forge, FMLFileResourcePack:GTA 5 Voice Mod
[18:36:25] [Sound Library Loader/INFO]: Sound engine started
[18:36:26] [Client thread/INFO]: Created: 16x16 textures/blocks-atlas
[18:36:26] [Client thread/INFO]: Created: 16x16 textures/items-atlas
[18:36:26] [Client thread/INFO]: Reloading ResourceManager: Default, FMLFileResourcePack:Forge Mod Loader, FMLFileResourcePack:Minecraft Forge, FMLFileResourcePack:GTA 5 Voice Mod
[18:36:26] [Client thread/INFO]: Created: 512x256 textures/blocks-atlas
[18:36:26] [Client thread/INFO]: Created: 256x256 textures/items-atlas
[18:36:27] [Sound Library Loader/INFO]: Sound engine started
[18:36:29] [Client thread/INFO]: Connecting to localhost, 25565
[18:36:37] [Client thread/INFO]: Stopping!
[18:36:46] [main/INFO]: Logging in with username & password
[18:36:49] [main/INFO]: Setting user: TheHanashi
[18:36:49] [Client thread/INFO]: LWJGL Version: 2.9.1
[18:36:54] [Client thread/INFO]: Reloading ResourceManager: Default, FMLFileResourcePack:Forge Mod Loader, FMLFileResourcePack:Minecraft Forge, FMLFileResourcePack:GTA 5 Voice Mod
[18:36:55] [Sound Library Loader/INFO]: Sound engine started
[18:36:55] [Client thread/INFO]: Created: 16x16 textures/blocks-atlas
[18:36:55] [Client thread/INFO]: Created: 16x16 textures/items-atlas
[18:36:55] [Client thread/INFO]: Reloading ResourceManager: Default, FMLFileResourcePack:Forge Mod Loader, FMLFileResourcePack:Minecraft Forge, FMLFileResourcePack:GTA 5 Voice Mod
[18:36:55] [Client thread/INFO]: Created: 512x256 textures/blocks-atlas
[18:36:56] [Client thread/INFO]: Created: 256x256 textures/items-atlas
[18:36:56] [Sound Library Loader/INFO]: Sound engine started
[18:36:58] [Client thread/INFO]: Connecting to localhost, 25565
[18:37:00] [pool-2-thread-1/WARN]: Couldn't look up profile properties for com.mojang.authlib.GameProfile@16acb693[id=d9519f4d-2f63-4d19-9594-35a9dd0472fd,name=TheHanashi,properties={},legacy=false]
com.mojang.authlib.exceptions.AuthenticationException: The client has sent too many requests within a certain amount of time
	at com.mojang.authlib.yggdrasil.YggdrasilAuthenticationService.makeRequest(YggdrasilAuthenticationService.java:65) ~[YggdrasilAuthenticationService.class:?]
	at com.mojang.authlib.yggdrasil.YggdrasilMinecraftSessionService.fillGameProfile(YggdrasilMinecraftSessionService.java:158) [YggdrasilMinecraftSessionService.class:?]
	at com.mojang.authlib.yggdrasil.YggdrasilMinecraftSessionService$1.load(YggdrasilMinecraftSessionService.java:53) [YggdrasilMinecraftSessionService$1.class:?]
	at com.mojang.authlib.yggdrasil.YggdrasilMinecraftSessionService$1.load(YggdrasilMinecraftSessionService.java:50) [YggdrasilMinecraftSessionService$1.class:?]
	at com.google.common.cache.LocalCache$LoadingValueReference.loadFuture(LocalCache.java:3524) [guava-17.0.jar:?]
	at com.google.common.cache.LocalCache$Segment.loadSync(LocalCache.java:2317) [guava-17.0.jar:?]
	at com.google.common.cache.LocalCache$Segment.lockedGetOrLoad(LocalCache.java:2280) [guava-17.0.jar:?]
	at com.google.common.cache.LocalCache$Segment.get(LocalCache.java:2195) [guava-17.0.jar:?]
	at com.google.common.cache.LocalCache.get(LocalCache.java:3934) [guava-17.0.jar:?]
	at com.google.common.cache.LocalCache.getOrLoad(LocalCache.java:3938) [guava-17.0.jar:?]
	at com.google.common.cache.LocalCache$LocalLoadingCache.get(LocalCache.java:4821) [guava-17.0.jar:?]
	at com.google.common.cache.LocalCache$LocalLoadingCache.getUnchecked(LocalCache.java:4827) [guava-17.0.jar:?]
	at com.mojang.authlib.yggdrasil.YggdrasilMinecraftSessionService.fillProfileProperties(YggdrasilMinecraftSessionService.java:148) [YggdrasilMinecraftSessionService.class:?]
	at net.minecraft.client.resources.SkinManager$3.run(SkinManager.java:133) [SkinManager$3.class:?]
	at java.util.concurrent.Executors$RunnableAdapter.call(Unknown Source) [?:1.8.0_144]
	at java.util.concurrent.FutureTask.run(Unknown Source) [?:1.8.0_144]
	at java.util.concurrent.ThreadPoolExecutor.runWorker(Unknown Source) [?:1.8.0_144]
	at java.util.concurrent.ThreadPoolExecutor$Worker.run(Unknown Source) [?:1.8.0_144]
	at java.lang.Thread.run(Unknown Source) [?:1.8.0_144]
[18:38:23] [Client thread/INFO]: Stopping!
