[16:10:43] [Server thread/INFO]: Starting minecraft server version 1.7.10
[16:10:48] [Server thread/INFO]: Loading properties
[16:10:4[16:10:49] [main/INFO]: Setting user: TheHanashi
[16:10:50] [Client thread/INFO]: LWJGL Version: 2.9.1
[16:10:55] [Client thread/INFO]: Reloading ResourceManager: Default, FMLFileResourcePack:Forge Mod Loader, FMLFileResourcePack:Minecraft Forge, FMLFileResourcePack:GTA 5 Voice Mod
[16:10:56] [Sound Library Loader/INFO]: Sound engine started
[16:10:56] [Client thread/INFO]: Cr[16:11:04] [User Authenticator #1/INFO]: UUID of player TheHanashi is d9519f4d-2f63-4d19-9594-35a9dd0472fd
[16:11:04] [Server thread/INFO]: TheHanashi[/127.0.0.1:50447] logged in with entity id 296 at (-249.69999998807907, 74.0, 257.1798472889885)
[16:11:04] [Server thread/INFO]: TheHanashi joined the game
[16:11:34] [Server thread/INFO]: TheHanashi lost connection: TranslatableComponent{key='disconnect.genericReason', args=[Internal Exception: java.io.IOException: Eine vorhandene Verbindung wurde vom Remotehost geschlossen], siblings=[], style=Style{hasParent=false, color=null, bold=null, italic=null, underlined=null, obfuscated=null, clickEvent=null, hoverEvent=null}}
[16:11:34] [Server thread/INFO]: TheHanashi left the game
[16:11:51] [User Authenticator #2/INFO]: UUID of player TheHanashi is d9519f4d-2f63-4d19-9594-35a9dd0472fd
[16:11:51] [Server thread/INFO]: TheHanashi[/127.0.0.1:50522] logged in with entity id 589 at (-254.9286508573692, 79.0, 260.69999998807907)
[16:11:51] [Server thread/INFO]: TheHanashi joined the game
[16:12:45] [Server thread/INFO]: TheHanashi lost connection: TranslatableComponent{key='disconnect.genericReason', args=[Internal Exception: java.io.IOException: Eine vorhandene Verbindung wurde vom Remotehost geschlossen], siblings=[], style=Style{hasParent=false, color=null, bold=null, italic=null, underlined=null, obfuscated=null, clickEvent=null, hoverEvent=null}}
[16:12:45] [Server thread/INFO]: TheHanashi left the game
[16:13:03] [User Authenticator #3/INFO]: UUID of player TheHanashi is d9519f4d-2f63-4d19-9594-35a9dd0472fd
[16:13:03] [Server thread/INFO]: TheHanashi[/127.0.0.1:50617] logged in with entity id 2230 at (-254.9286508573692, 79.0, 260.69999998807907)
[16:13:03] [Server thread/INFO]: TheHanashi joined the game
[16:13:11] [Server thread/INFO]: TheHanashi lost connection: TranslatableComponent{key='disconnect.genericReason', args=[Internal Exception: java.io.IOException: Eine vorhandene Verbindung wurde vom Remotehost geschlossen], siblings=[], style=Style{hasParent=false, color=null, bold=null, italic=null, underlined=null, obfuscated=null, clickEvent=null, hoverEvent=null}}
[16:13:11] [Server thread/INFO]: TheHanashi left the game
6:12:58] [Client thread/INFO]: Created: 16x16 textures/items-atlas
[16:12:58] [Client thread/INFO]: Reloading ResourceManager: Default, FMLFileResourcePack:Forge Mod Loader, FMLFileResourcePack:Minecraft Forge, FMLFileResourcePack:GTA 5 Voice Mod
[16:12:58] [Client thread/INFO]: Created: 512x256 textures/blocks-atlas
[16:12:58] [Client thread/INFO]: Created: 256x256 textures/items-atlas
[16:12:59] [Sound Library Loader/INFO]: Sound engine started
[16:13:01] [Client thread/INFO]: Connecting to localhost, 25565
