[21:35:06] [Server thread/INFO]: Starting minecraft server version 1.7.10
[21:35:11] [Server thread/INFO]: Loading properties
[21:35:11] [Server thread/INFO]: Default game type: SURVIVAL
[21:35:11] [Server thread/INFO]: Generating keypair
[21:35:11] [Server thread/INFO]: Starting Minecraft server on *:25565
[21:35:11] [main/INFO]: Logging in with username & passwor[21[21:35:13] [main/INFO]: Setting user: TheHanashi
[21:35:14] [Client thread/INFO]: LWJGL Version: 2.9.1
[21:35:19] [Client thread/INFO]: Reload[21:35:35] [User Authenticator #1/INFO]: UUID of player TheHanashi is d9519f4d-2f63-4d19-9594-35a9dd0472fd
[21:35:35] [Server thread/INFO]: TheHanashi[/127.0.0.1:52210] logged in with entity id 272 at (-238.69999998807907, 86.0, 330.69999998807907)
[21:35:35] [Server thread/INFO]: TheHanashi joined the game
[21:36:12] [Server thread/INFO]: Stopping server
[21:36:12] [Server thread/INFO]: Saving players
[21:36:12] [Server thread/INFO]: Saving worlds
[21:36:12] [Server thread/INFO]: Saving chunks for level 'world'/Overworld
[21:36:12] [Server thread/INFO]: Saving chunks for level 'world'/Nether
[21:36:12] [Server thread/INFO]: Saving chunks for level 'world'/The End
[Sound Library Loader/INFO]: Sound engine started
[21:35:24] [Client thread/INFO]: Connecting to localhost, 25565
[21:35:33] [Client thread/INFO]: Connecting to localhost, 25565
[21:35:38] [Client thread/INFO]: [CHAT] Test
[21:35:39] [Client thread/INFO]: [CHAT] Test
[21:36:24] [Client thread/INFO]: Connecting to localhost, 25565
[21:36:28] [Client thread/INFO]: [CHAT] Voice-Range geändert zu 15.0m
[21:36:31] [Client thread/INFO]: [CHAT] Voice-Range geändert zu 50.0m
[21:36:41] [Client thread/INFO]: [CHAT] Voice-Range geändert zu 5.0m
[21:38:42] [Client thread/INFO]: Connecting to localhost, 25565
[21:38:45] [Client thread/INFO]: Connecting to localhost, 25565
[21:38:49] [Client thread/INFO]: [CHAT] §e[Voice]§r Range geändert zu 15.0 Metern.
[21:39:40] [Client thread/INFO]: Connecting to localhost, 25565
[21:39:43] [Client thread/INFO]: Connecting to localhost, 25565
[21:39:46] [Client thread/INFO]: Stopping!
nashi[/127.0.0.1:52286] logged in with entity id 251 at (-243.5, 71.0, 254.5)
[21:36:26] [Server thread/INFO]: TheHanashi joined the game
[21:38:32] [Server thread/INFO]: Stopping server
[21:38:32] [Server thread/INFO]: Saving players
[21:38:32] [Server thread/INFO]: Saving worlds
[21:38:32] [Server thread/INFO]: Saving chunks for level 'world'/Overworld
[21:38:32] [Server thread/INFO]: Saving chunks for level 'world'/Nether
[21:38:32] [Server thread/INFO]: Saving chunks for level 'world'/The End
[21:38:38] [Server thread/INFO]: Starting minecraft server version 1.7.10
[21:38:42] [Server thread/INFO]: Loading properties
[21:38:42] [Server thread/INFO]: Default game type: SURVIVAL
[21:38:42] [Server thread/INFO]: Generating keypair
[21:38:42] [Server thread/INFO]: Starting Minecraft server on *:25565
[21:38:42] [Server thread/INFO]: Preparing level "world"
[21:38:43] [Server thread/INFO]: Preparing start region for level 0
[21:38:43] [Server thread/INFO]: Done (0,681s)! For help, type "help" or "?"
[21:38:47] [User Authenticator #1/INFO]: UUID of player TheHanashi is d9519f4d-2f63-4d19-9594-35a9dd0472fd
[21:38:47] [Server thread/INFO]: TheHanashi[/127.0.0.1:52531] logged in with entity id 234 at (-247.68819921839534, 91.0, 267.5030910342545)
[21:38:47] [Server thread/INFO]: TheHanashi joined the game
[21:39:15] [Server thread/INFO]: Stopping server
[21:39:15] [Server thread/INFO]: Saving players
[21:39:15] [Server thread/INFO]: Saving worlds
[21:39:15] [Server thread/INFO]: Saving chunks for level 'world'/Overworld
[21:39:15] [Server thread/INFO]: Saving chunks for level 'world'/Nether
[21:39:15] [Server thread/INFO]: Saving chunks for level 'world'/The End
[21:39:18] [main/INFO]: Logging in with username & password
[21:39:20] [main/INFO]: Setting user: TheHanashi
[21:39:21] [Client thread/INFO]: LWJGL Version: 2.9.1
[21:39:27] [Client thread/INFO]: Reloading ResourceManager: Default, FMLFileResourcePack:Forge Mod Loader, FMLFileResourcePack:Minecraft Forge, FMLFileResourcePack:GTA 5 Voice Mod
[21:39:28] [Sound Library Loader/INFO]: Sound engine started
[21:39:28] [Client thread/INFO]: Created: 16x16 textures/blocks-atlas
[21:39:28] [Client thread/INFO]: Created: 16x16 textures/items-atlas
[21:39:28] [Client thread/INFO]: Reloading ResourceManager: Default, FMLFileResourcePack:Forge Mod Loader, FMLFileResourcePack:Minecraft Forge, FMLFileResourcePack:GTA 5 Voice Mod
[21:39:28] [Client thread/INFO]: Created: 512x256 textures/blocks-atlas
[21:39:28] [Client thread/INFO]: Created: 256x256 textures/items-atlas
[21:39:29] [Sound Library Loader/INFO]: Sound engine started
[21:39:29] [Client thread/INFO]: Stopping!
[21:39:34] [Server thread/INFO]: Starting minecraft server version 1.7.10
[21:39:38] [Server thread/INFO]: Loading properties
[21:39:38] [Server thread/INFO]: Default game type: SURVIVAL
[21:39:38] [Server thread/INFO]: Generating keypair
[21:39:38] [Server thread/INFO]: Starting Minecraft server on *:25565
[21:39:38] [Server thread/INFO]: Preparing level "world"
[21:39:38] [Server thread/INFO]: Preparing start region for level 0
[21:39:39] [Server thread/INFO]: Done (0,760s)! For help, type "help" or "?"
[21:39:41] [Server thread/INFO]: com.mojang.authlib.GameProfile@51bc7a74[id=<null>,name=TheHanashi,properties={},legacy=false] (/127.0.0.1:52603) lost connection: Disconnected
[21:39:43] [Server thread/INFO]: com.mojang.authlib.GameProfile@f65db3b[id=<null>,name=TheHanashi,properties={},legacy=false] (/127.0.0.1:52637) lost connection: Disconnected
[21:40:02] [User Authenticator #1/INFO]: UUID of player TheHanashi is d9519f4d-2f63-4d19-9594-35a9dd0472fd
[21:40:02] [Server thread/INFO]: TheHanashi[/127.0.0.1:52674] logged in with entity id 236 at (-247.68819921839534, 91.0, 267.5030910342545)
[21:40:02] [Server thread/INFO]: TheHanashi joined the game
[21:41:20] [Server thread/INFO]: Stopping server
[21:41:20] [Server thread/INFO]: Saving players
[21:41:20] [Server thread/INFO]: Saving worlds
[21:41:20] [Server thread/INFO]: Saving chunks for level 'world'/Overworld
[21:41:20] [Server thread/INFO]: Saving chunks for level 'world'/Nether
[21:41:20] [Server thread/INFO]: Saving chunks for level 'world'/The End
craft Forge, FMLFileResourcePack:GTA 5 Voice Mod
[21:39:58] [Client thread/INFO]: Created: 512x256 textures/blocks-atlas
[21:39:58] [Client thread/INFO]: Created: 256x256 textures/items-atlas
[21:39:59] [Sound Library Loader/INFO]: Sound engine started
[21:40:01] [Client thread/INFO]: Connecting to localhost, 25565
[21:40:05] [Client thread/INFO]: [CHAT] §e[Voice]§r Range geändert zu §c15.0§r Metern.
[21:40:12] [Client thread/INFO]: [CHAT] §e[Voice]§r Range geändert zu §c50.0§r Metern.
[21:41:30] [Client thread/INFO]: Connecting to localhost, 25565
[21:41:32] [Client thread/INFO]: Connecting to localhost, 25565
[21:41:35] [Client thread/INFO]: [CHAT] §e[Voice]§r Range geändert zu §e15.0§r Metern.
[21:41:35] [Client thread/INFO]: [CHAT] §e[Voice]§r Range geändert zu §c50.0§r Metern.
[21:41:37] [Client thread/INFO]: [CHAT] §e[Voice]§r Range geändert zu §a5.0§r Metern.
[21:41:38] [Client thread/INFO]: [CHAT] §e[Voice]§r Range geändert zu §e15.0§r Metern.
[21:41:39] [Client thread/INFO]: [CHAT] §e[Voice]§r Range geändert zu §c50.0§r Metern.
[21:41:40] [Client thread/INFO]: [CHAT] §e[Voice]§r Range geändert zu §a5.0§r Metern.
[21:42:04] [Client thread/INFO]: Connecting to localhost, 25565
[21:42:06] [Client thread/INFO]: Connecting to localhost, 25565
[21:42:08] [Client thread/INFO]: [CHAT] §9[Voice]§r Range geändert zu §e15.0§r Metern.
[21:42:15] [Client thread/INFO]: [CHAT] TheHanashi hit the ground too hard
[21:42:19] [Client thread/INFO]: [CHAT] §9[Voice]§r Range geändert zu §c50.0§r Metern.
[21:42:31] [Client thread/INFO]: [CHAT] §9[Voice]§r Range geändert zu §a5.0§r Metern.
[21:42:50] [Client thread/INFO]: Stopping!
ks for level 'world'/The End
[21:41:57] [Server thread/INFO]: Starting minecraft server version 1.7.10
[21:42:01] [Server thread/INFO]: Loading properties
[21:42:01] [Server thread/INFO]: Default game type: SURVIVAL
[21:42:01] [Server thread/INFO]: Generating keypair
[21:42:01] [Server thread/INFO]: Starting Minecraft server on *:25565
[21:42:02] [Server thread/INFO]: Preparing level "world"
[21:42:02] [Server thread/INFO]: Preparing start region for level 0
[21:42:02] [Server thread/INFO]: Done (0,662s)! For help, type "help" or "?"
[21:42:05] [Server thread/WARN]: Failed to handle packet for /127.0.0.1:52877
java.util.NoSuchElementException: splitter
	at io.netty.channel.DefaultChannelPipeline.getContextOrDie(DefaultChannelPipeline.java:905) ~[DefaultChannelPipeline.class:?]
	at io.netty.channel.DefaultChannelPipeline.addBefore(DefaultChannelPipeline.java:160) ~[DefaultChannelPipeline.class:?]
	at io.netty.channel.DefaultChannelPipeline.addBefore(DefaultChannelPipeline.java:153) ~[DefaultChannelPipeline.class:?]
	at net.minecraft.network.NetworkManager.enableEncryption(NetworkManager.java:340) ~[NetworkManager.class:?]
	at net.minecraft.server.network.NetHandlerLoginServer.processEncryptionResponse(NetHandlerLoginServer.java:161) ~[NetHandlerLoginServer.class:?]
	at net.minecraft.network.login.client.C01PacketEncryptionResponse.processPacket(C01PacketEncryptionResponse.java:53) ~[C01PacketEncryptionResponse.class:?]
	at net.minecraft.network.login.client.C01PacketEncryptionResponse.processPacket(C01PacketEncryptionResponse.java:71) ~[C01PacketEncryptionResponse.class:?]
	at net.minecraft.network.NetworkManager.processReceivedPackets(NetworkManager.java:241) ~[NetworkManager.class:?]
	at net.minecraft.network.NetworkSystem.networkTick(NetworkSystem.java:182) [NetworkSystem.class:?]
	at net.minecraft.server.MinecraftServer.updateTimeLightAndEntities(MinecraftServer.java:726) [MinecraftServer.class:?]
	at net.minecraft.server.dedicated.DedicatedServer.updateTimeLightAndEntities(DedicatedServer.java:349) [DedicatedServer.class:?]
	at net.minecraft.server.MinecraftServer.tick(MinecraftServer.java:614) [MinecraftServer.class:?]
	at net.minecraft.server.MinecraftServer.run(MinecraftServer.java:485) [MinecraftServer.class:?]
	at net.minecraft.server.MinecraftServer$2.run(MinecraftServer.java:752) [MinecraftServer$2.class:?]
[21:42:05] [Server thread/INFO]: com.mojang.authlib.GameProfile@41c0256e[id=<null>,name=TheHanashi,properties={},legacy=false] (/127.0.0.1:52877) lost connection: Disconnected
[21:42:07] [User Authenticator #1/INFO]: UUID of player TheHanashi is d9519f4d-2f63-4d19-9594-35a9dd0472fd
[21:42:07] [Server thread/INFO]: TheHanashi[/127.0.0.1:52911] logged in with entity id 247 at (-254.69653446637977, 98.0, 269.6196406497618)
[21:42:07] [Server thread/INFO]: TheHanashi joined the game
[21:42:15] [Server thread/INFO]: TheHanashi hit the ground too hard
[21:42:48] [Server thread/INFO]: Stopping server
[21:42:48] [Server thread/INFO]: Saving players
[21:42:48] [Server thread/INFO]: Saving worlds
[21:42:48] [Server thread/INFO]: Saving chunks for level 'world'/Overworld
[21:42:48] [Server thread/INFO]: Saving chunks for level 'world'/Nether
[21:42:48] [Server thread/INFO]: Saving chunks for level 'world'/The End
